# JRE version: OpenJDK Runtime Environment (8.0_242-b01) (build 1.8.0_242-release-1644-b01)
# Java VM: OpenJDK 64-Bit Server VM (25.242-b01 mixed mode windows-amd64 compressed oops)
Heap:
 PSYoungGen      total 102400K, used 58980K [0x00000000d5580000, 0x00000000dec00000, 0x0000000100000000)
  eden space 93184K, 53% used [0x00000000d5580000,0x00000000d861ae90,0x00000000db080000)
  from space 9216K, 99% used [0x00000000db080000,0x00000000db97e510,0x00000000db980000)
  to   space 11264K, 0% used [0x00000000de100000,0x00000000de100000,0x00000000dec00000)
 ParOldGen       total 41472K, used 9657K [0x0000000080000000, 0x0000000082880000, 0x00000000d5580000)
  object space 41472K, 23% used [0x0000000080000000,0x000000008096e4e8,0x0000000082880000)
 Metaspace       used 32776K, capacity 33516K, committed 33712K, reserved 1079296K
  class space    used 4473K, capacity 4675K, committed 4784K, reserved 1048576K
GC Heap History (10 events):
Event: 12.302 GC heap before
{Heap before GC invocations=6 (full 0):
 PSYoungGen      total 27136K, used 27104K [0x00000000d5580000, 0x00000000d9080000, 0x0000000100000000)
  eden space 23552K, 100% used [0x00000000d5580000,0x00000000d6c80000,0x00000000d6c80000)
  from space 3584K, 99% used [0x00000000d6c80000,0x00000000d6ff8040,0x00000000d7000000)
  to   space 6656K, 0% used [0x00000000d8a00000,0x00000000d8a00000,0x00000000d9080000)
 ParOldGen       total 61440K, used 4232K [0x0000000080000000, 0x0000000083c00000, 0x00000000d5580000)
  object space 61440K, 6% used [0x0000000080000000,0x00000000804220d0,0x0000000083c00000)
 Metaspace       used 15747K, capacity 16208K, committed 16384K, reserved 1062912K
  class space    used 2121K, capacity 2284K, committed 2304K, reserved 1048576K
Event: 12.333 GC heap after
Heap after GC invocations=6 (full 0):
 PSYoungGen      total 53248K, used 5998K [0x00000000d5580000, 0x00000000d9180000, 0x0000000100000000)
  eden space 46592K, 0% used [0x00000000d5580000,0x00000000d5580000,0x00000000d8300000)
  from space 6656K, 90% used [0x00000000d8a00000,0x00000000d8fdbb00,0x00000000d9080000)
  to   space 7168K, 0% used [0x00000000d8300000,0x00000000d8300000,0x00000000d8a00000)
 ParOldGen       total 61440K, used 4240K [0x0000000080000000, 0x0000000083c00000, 0x00000000d5580000)
  object space 61440K, 6% used [0x0000000080000000,0x00000000804240d0,0x0000000083c00000)
 Metaspace       used 15747K, capacity 16208K, committed 16384K, reserved 1062912K
  class space    used 2121K, capacity 2284K, committed 2304K, reserved 1048576K
}
Event: 15.627 GC heap before
{Heap before GC invocations=7 (full 0):
 PSYoungGen      total 53248K, used 52590K [0x00000000d5580000, 0x00000000d9180000, 0x0000000100000000)
  eden space 46592K, 100% used [0x00000000d5580000,0x00000000d8300000,0x00000000d8300000)
  from space 6656K, 90% used [0x00000000d8a00000,0x00000000d8fdbb00,0x00000000d9080000)
  to   space 7168K, 0% used [0x00000000d8300000,0x00000000d8300000,0x00000000d8a00000)
 ParOldGen       total 61440K, used 4240K [0x0000000080000000, 0x0000000083c00000, 0x00000000d5580000)
  object space 61440K, 6% used [0x0000000080000000,0x00000000804240d0,0x0000000083c00000)
 Metaspace       used 20063K, capacity 20616K, committed 20992K, reserved 1067008K
  class space    used 2796K, capacity 2974K, committed 3072K, reserved 1048576K
Event: 15.663 GC heap after
Heap after GC invocations=7 (full 0):
 PSYoungGen      total 53760K, used 7140K [0x00000000d5580000, 0x00000000dc380000, 0x0000000100000000)
  eden space 46592K, 0% used [0x00000000d5580000,0x00000000d5580000,0x00000000d8300000)
  from space 7168K, 99% used [0x00000000d8300000,0x00000000d89f9290,0x00000000d8a00000)
  to   space 9728K, 0% used [0x00000000dba00000,0x00000000dba00000,0x00000000dc380000)
 ParOldGen       total 61440K, used 6640K [0x0000000080000000, 0x0000000083c00000, 0x00000000d5580000)
  object space 61440K, 10% used [0x0000000080000000,0x000000008067c258,0x0000000083c00000)
 Metaspace       used 20063K, capacity 20616K, committed 20992K, reserved 1067008K
  class space    used 2796K, capacity 2974K, committed 3072K, reserved 1048576K
}
Event: 16.081 GC heap before
{Heap before GC invocations=8 (full 0):
 PSYoungGen      total 53760K, used 14938K [0x00000000d5580000, 0x00000000dc380000, 0x0000000100000000)
  eden space 46592K, 16% used [0x00000000d5580000,0x00000000d5d1d910,0x00000000d8300000)
  from space 7168K, 99% used [0x00000000d8300000,0x00000000d89f9290,0x00000000d8a00000)
  to   space 9728K, 0% used [0x00000000dba00000,0x00000000dba00000,0x00000000dc380000)
 ParOldGen       total 61440K, used 6640K [0x0000000080000000, 0x0000000083c00000, 0x00000000d5580000)
  object space 61440K, 10% used [0x0000000080000000,0x000000008067c258,0x0000000083c00000)
 Metaspace       used 20613K, capacity 21228K, committed 21296K, reserved 1067008K
  class space    used 2874K, capacity 3084K, committed 3120K, reserved 1048576K
Event: 16.107 GC heap after
Heap after GC invocations=8 (full 0):
 PSYoungGen      total 101888K, used 3726K [0x00000000d5580000, 0x00000000dc280000, 0x0000000100000000)
  eden space 93184K, 0% used [0x00000000d5580000,0x00000000d5580000,0x00000000db080000)
  from space 8704K, 42% used [0x00000000dba00000,0x00000000dbda3960,0x00000000dc280000)
  to   space 9216K, 0% used [0x00000000db080000,0x00000000db080000,0x00000000db980000)
 ParOldGen       total 61440K, used 7809K [0x0000000080000000, 0x0000000083c00000, 0x00000000d5580000)
  object space 61440K, 12% used [0x0000000080000000,0x00000000807a0628,0x0000000083c00000)
 Metaspace       used 20613K, capacity 21228K, committed 21296K, reserved 1067008K
  class space    used 2874K, capacity 3084K, committed 3120K, reserved 1048576K
}
Event: 16.107 GC heap before
{Heap before GC invocations=9 (full 1):
 PSYoungGen      total 101888K, used 3726K [0x00000000d5580000, 0x00000000dc280000, 0x0000000100000000)
  eden space 93184K, 0% used [0x00000000d5580000,0x00000000d5580000,0x00000000db080000)
  from space 8704K, 42% used [0x00000000dba00000,0x00000000dbda3960,0x00000000dc280000)
  to   space 9216K, 0% used [0x00000000db080000,0x00000000db080000,0x00000000db980000)
 ParOldGen       total 61440K, used 7809K [0x0000000080000000, 0x0000000083c00000, 0x00000000d5580000)
  object space 61440K, 12% used [0x0000000080000000,0x00000000807a0628,0x0000000083c00000)
 Metaspace       used 20613K, capacity 21228K, committed 21296K, reserved 1067008K
  class space    used 2874K, capacity 3084K, committed 3120K, reserved 1048576K
Event: 16.269 GC heap after
Heap after GC invocations=9 (full 1):
 PSYoungGen      total 101888K, used 0K [0x00000000d5580000, 0x00000000dc280000, 0x0000000100000000)
  eden space 93184K, 0% used [0x00000000d5580000,0x00000000d5580000,0x00000000db080000)
  from space 8704K, 0% used [0x00000000dba00000,0x00000000dba00000,0x00000000dc280000)
  to   space 9216K, 0% used [0x00000000db080000,0x00000000db080000,0x00000000db980000)
 ParOldGen       total 41472K, used 8312K [0x0000000080000000, 0x0000000082880000, 0x00000000d5580000)
  object space 41472K, 20% used [0x0000000080000000,0x000000008081e360,0x0000000082880000)
 Metaspace       used 20613K, capacity 21228K, committed 21296K, reserved 1067008K
  class space    used 2874K, capacity 3084K, committed 3120K, reserved 1048576K
}
Event: 21.386 GC heap before
{Heap before GC invocations=10 (full 1):
 PSYoungGen      total 101888K, used 93184K [0x00000000d5580000, 0x00000000dc280000, 0x0000000100000000)
  eden space 93184K, 100% used [0x00000000d5580000,0x00000000db080000,0x00000000db080000)
  from space 8704K, 0% used [0x00000000dba00000,0x00000000dba00000,0x00000000dc280000)
  to   space 9216K, 0% used [0x00000000db080000,0x00000000db080000,0x00000000db980000)
 ParOldGen       total 41472K, used 8312K [0x0000000080000000, 0x0000000082880000, 0x00000000d5580000)
  object space 41472K, 20% used [0x0000000080000000,0x000000008081e360,0x0000000082880000)
 Metaspace       used 30600K, capacity 31348K, committed 31536K, reserved 1077248K
  class space    used 4136K, capacity 4357K, committed 4400K, reserved 1048576K
Event: 21.431 GC heap after
Heap after GC invocations=10 (full 1):
 PSYoungGen      total 102400K, used 9209K [0x00000000d5580000, 0x00000000dec00000, 0x0000000100000000)
  eden space 93184K, 0% used [0x00000000d5580000,0x00000000d5580000,0x00000000db080000)
  from space 9216K, 99% used [0x00000000db080000,0x00000000db97e510,0x00000000db980000)
  to   space 11264K, 0% used [0x00000000de100000,0x00000000de100000,0x00000000dec00000)
 ParOldGen       total 41472K, used 9657K [0x0000000080000000, 0x0000000082880000, 0x00000000d5580000)
  object space 41472K, 23% used [0x0000000080000000,0x000000008096e4e8,0x0000000082880000)
 Metaspace       used 30600K, capacity 31348K, committed 31536K, reserved 1077248K
  class space    used 4136K, capacity 4357K, committed 4400K, reserved 1048576K
}

